<?xml version="1.0" encoding="UTF-8"?>
<!-- Generated by org.testng.reporters.JUnitXMLReporter -->
<testsuite hostname="PC-CM" name="test12" tests="3" failures="0" timestamp="8 Sep 2016 10:14:10 GMT" time="0.027" errors="0">
  <testcase name="TestNgLearn3" time="0.008" classname="TankLearn2.Learn.TestNGLearn1"/>
  <testcase name="TestNgLearn1" time="0.002" classname="TankLearn2.Learn.TestNGLearn1"/>
  <testcase name="TestNgLearn2" time="0.0" classname="TankLearn2.Learn.TestNGLearn1"/>
</testsuite> <!-- test12 -->
